<?xml version="1.0" encoding="UTF-8"?>
<testng-results ignored="0" total="1" passed="1" failed="0" skipped="0">
  <reporter-output>
  </reporter-output>
  <suite started-at="2025-10-22T21:30:22 IST" name="Suite" finished-at="2025-10-22T21:30:29 IST" duration-ms="7519">
    <groups>
    </groups>
    <test started-at="2025-10-22T21:30:22 IST" name="Test" finished-at="2025-10-22T21:30:29 IST" duration-ms="7519">
      <class name="TestClasses.TestClass">
        <test-method is-config="true" signature="setUp(java.lang.String)[pri:0, instance:TestClasses.TestClass@5386659f]" started-at="2025-10-22T21:30:22 IST" name="setUp" finished-at="2025-10-22T21:30:25 IST" duration-ms="3369" status="PASS">
          <params>
            <param index="0">
              <value>
                <![CDATA[edge]]>
              </value>
            </param>
          </params>
          <reporter-output>
          </reporter-output>
        </test-method> <!-- setUp -->
        <test-method signature="login(java.lang.String,java.lang.String,java.lang.String,java.lang.String,java.lang.String)[pri:0, instance:TestClasses.TestClass@5386659f]" started-at="2025-10-22T21:30:27 IST" name="login" data-provider="LoginData" finished-at="2025-10-22T21:30:29 IST" duration-ms="2348" status="PASS">
          <params>
            <param index="0">
              <value>
                <![CDATA[standard_user]]>
              </value>
            </param>
            <param index="1">
              <value>
                <![CDATA[secret_sauce]]>
              </value>
            </param>
            <param index="2">
              <value>
                <![CDATA[Venkat]]>
              </value>
            </param>
            <param index="3">
              <value>
                <![CDATA[Krishna]]>
              </value>
            </param>
            <param index="4">
              <value>
                <![CDATA[506342]]>
              </value>
            </param>
          </params>
          <reporter-output>
          </reporter-output>
        </test-method> <!-- login -->
        <test-method is-config="true" signature="tearDown()[pri:0, instance:TestClasses.TestClass@5386659f]" started-at="2025-10-22T21:30:29 IST" name="tearDown" finished-at="2025-10-22T21:30:29 IST" duration-ms="291" status="PASS">
          <reporter-output>
          </reporter-output>
        </test-method> <!-- tearDown -->
      </class> <!-- TestClasses.TestClass -->
    </test> <!-- Test -->
  </suite> <!-- Suite -->
</testng-results>
